2025-05-06 15:14:08.244 INFO  c.k.katalon.core.main.TestSuiteExecutor  - START Test Suites/BRAND_TS02
2025-05-06 15:14:08.379 INFO  c.k.katalon.core.main.TestSuiteExecutor  - userFullName = Parat
2025-05-06 15:14:08.379 INFO  c.k.katalon.core.main.TestSuiteExecutor  - projectName = katalon
2025-05-06 15:14:08.380 INFO  c.k.katalon.core.main.TestSuiteExecutor  - hostName = NUC - NUC13Anhi7
2025-05-06 15:14:08.380 INFO  c.k.katalon.core.main.TestSuiteExecutor  - os = Windows 11 64bit
2025-05-06 15:14:08.381 INFO  c.k.katalon.core.main.TestSuiteExecutor  - hostAddress = 192.168.1.36
2025-05-06 15:14:08.382 INFO  c.k.katalon.core.main.TestSuiteExecutor  - katalonVersion = 10.2.0.0
2025-05-06 15:14:08.872 INFO  c.k.katalon.core.main.TestCaseExecutor   - --------------------
2025-05-06 15:14:08.872 INFO  c.k.katalon.core.main.TestCaseExecutor   - START Test Cases/Backlog/Login
2025-05-06 15:14:08.964 DEBUG testcase.Login                           - 1: openBrowser("")
2025-05-06 15:14:09.202 INFO  c.k.k.core.webui.driver.DriverFactory    - Starting 'Chrome' driver
2025-05-06 15:14:09.245 INFO  c.k.k.core.webui.driver.DriverFactory    - Action delay is set to 0 milliseconds
May 06, 2025 3:14:10 PM org.openqa.selenium.devtools.CdpVersionFinder findNearestMatch
WARNING: Unable to find CDP implementation matching 136
May 06, 2025 3:14:10 PM org.openqa.selenium.chromium.ChromiumDriver lambda$new$4
WARNING: Unable to find version of CDP to use for 136.0.7103.48. You may need to include a dependency on a specific version of the CDP using something similar to `org.seleniumhq.selenium:selenium-devtools-v86:4.28.1` where the version ("v86") matches the version of the chromium-based browser you're using and the version number of the artifact is the same as Selenium's.
2025-05-06 15:14:10.718 INFO  c.k.k.core.webui.driver.DriverFactory    - sessionId = 8a50d79831c17f100388ba334d3df6cd
2025-05-06 15:14:10.719 INFO  c.k.k.core.webui.driver.DriverFactory    - browser = Chrome 136.0.7103.48
2025-05-06 15:14:10.719 INFO  c.k.k.core.webui.driver.DriverFactory    - platform = Windows 11
2025-05-06 15:14:10.719 INFO  c.k.k.core.webui.driver.DriverFactory    - seleniumVersion = 4.28.1
2025-05-06 15:14:10.727 INFO  c.k.k.core.webui.driver.DriverFactory    - proxyInformation = ProxyInformation { proxyOption=NO_PROXY, proxyServerType=HTTP, username=, password=********, proxyServerAddress=, proxyServerPort=0, executionList="", isApplyToDesiredCapabilities=true }
2025-05-06 15:14:10.764 DEBUG testcase.Login                           - 2: navigateToUrl("https://account.dev.qashup.co/login")
2025-05-06 15:14:11.408 DEBUG testcase.Login                           - 3: setText(findTestObject("Object Repository/Page_Qashup Account/input_Username_username"), "admin@test.com")
2025-05-06 15:14:12.133 DEBUG testcase.Login                           - 4: setEncryptedText(findTestObject("Object Repository/Page_Qashup Account/input_Password_password"), "aeHFOx8jV/A=")
2025-05-06 15:14:12.420 DEBUG testcase.Login                           - 5: click(findTestObject("Object Repository/Page_Qashup Account/button_Login"))
2025-05-06 15:14:12.704 DEBUG testcase.Login                           - 6: click(findTestObject("Object Repository/Page_Qashup Account/div_Back Office"))
2025-05-06 15:14:15.986 INFO  c.k.k.core.webservice.common.HarLogger   - HAR: C:\Users\NUC\git\katalon\Reports\20250506_151402\BRAND_TS02\20250506_151403\requests\main\Create-Execution_0.har
2025-05-06 15:14:16.091 INFO  c.k.katalon.core.main.TestCaseExecutor   - END Test Cases/Backlog/Login
2025-05-06 15:14:16.104 INFO  c.k.katalon.core.main.TestCaseExecutor   - --------------------
2025-05-06 15:14:16.104 INFO  c.k.katalon.core.main.TestCaseExecutor   - START Test Cases/Dev Environment/BRAND_TS02_TC01
2025-05-06 15:14:16.213 DEBUG testcase.BRAND_TS02_TC01                 - 1: click(findTestObject("Object Repository/Page_Qashup Backoffice/a_Brand  Branch"))
2025-05-06 15:14:18.539 DEBUG testcase.BRAND_TS02_TC01                 - 2: click(findTestObject("Object Repository/Page_Qashup Backoffice/div_Brand"))
2025-05-06 15:14:19.219 DEBUG testcase.BRAND_TS02_TC01                 - 3: click(findTestObject("Object Repository/Page_Qashup Backoffice/button_Add Brand"))
2025-05-06 15:14:19.955 DEBUG testcase.BRAND_TS02_TC01                 - 4: click(findTestObject("Object Repository/Page_Qashup Backoffice/input_Brand Name_input input-bordered h-42p_d0de7f"))
2025-05-06 15:14:20.431 DEBUG testcase.BRAND_TS02_TC01                 - 5: setText(findTestObject("Object Repository/Page_Qashup Backoffice/input_Brand Name_input input-bordered h-42p_d0de7f"), "QA Merchant")
2025-05-06 15:14:20.927 DEBUG testcase.BRAND_TS02_TC01                 - 6: click(findTestObject("Object Repository/Page_Qashup Backoffice/button_Upload Logo"))
2025-05-06 15:14:21.197 DEBUG testcase.BRAND_TS02_TC01                 - 7: click(findTestObject("Object Repository/Page_Qashup Backoffice/button_Save"))
2025-05-06 15:14:21.867 INFO  c.k.k.core.webservice.common.HarLogger   - HAR: C:\Users\NUC\git\katalon\Reports\20250506_151402\BRAND_TS02\20250506_151403\requests\main\Create-Execution_1.har
2025-05-06 15:14:21.876 INFO  c.k.katalon.core.main.TestCaseExecutor   - END Test Cases/Dev Environment/BRAND_TS02_TC01
2025-05-06 15:14:21.881 INFO  c.k.katalon.core.main.TestCaseExecutor   - --------------------
2025-05-06 15:14:21.882 INFO  c.k.katalon.core.main.TestCaseExecutor   - START Test Cases/Dev Environment/BRAND_TS02_TC02
2025-05-06 15:14:22.030 DEBUG testcase.BRAND_TS02_TC02                 - 1: click(findTestObject("Object Repository/Page_Qashup Backoffice/svg_QA Merchant_h-8 w-9"))
2025-05-06 15:14:53.185 INFO  c.k.k.c.webui.common.WebUiCommonHelper   - Unable to find the element located by 'By.xpath: /html[1]/body[@class="__className_8033ae"]/div[@class="w-full text-black dark:text-light"]/div[@class="flex min-h-[100vh]"]/div[@class="w-full max-w-[calc(100%-48px)] sm:max-w-auto flex flex-col bg-gray-10"]/main[@class="flex flex-col flex-1 flex-grow bg-gray-10 dark:bg-slate-400  min-h-[89.5dvh]"]/div[@class="px-10 py-[30px]"]/div[@class="overflow-x-auto lg:overflow-x-hidden bg-white text-gray-700 w-auto h-auto mt-4 shadow-lg overflow-hidden dark:bg-slate-700 rounded-xl"]/div[@class="bg-white text-gray-700 w-auto h-auto mt-4 shadow-lg overflow-hidden dark:bg-slate-700 rounded-xl"]/div[@class="px-6 w-full"]/div[@class="rounded-xl space-x-8 border-collapse border overflow-x-auto w-full"]/table[@class="table-auto w-full text-xs text-gray-500 dark:text-gray-400 mr-10 md:mr-0 !mr-0"]/tbody[1]/tr[@class="text-new-gray-300 bg-white dark:bg-gray-600 !text-b8 !rounded-bl-xl !rounded-br-xl"]/td[@class="!w-[50px] !h-[50px] !rounded-br-xl"]/div[@class="relative inline-block text-left"]/button[@class="inline-flex w-full justify-center px-4 text-sm font-bold text-back dark:text-white focus:outline-none focus-visible:ring-2 focus-visible:ring-white focus-visible:ring-opacity-75"]/svg[@class="h-8 w-9"]'. Please recheck the objects properties to make sure the desired element is located. 
2025-05-06 15:14:53.323 ERROR c.k.k.core.keyword.internal.KeywordMain  - ❌ Unable to click on object 'Object Repository/Page_Qashup Backoffice/svg_QA Merchant_h-8 w-9' (Root cause: com.kms.katalon.core.exception.StepFailedException: Unable to click on object 'Object Repository/Page_Qashup Backoffice/svg_QA Merchant_h-8 w-9'
	at com.kms.katalon.core.webui.keyword.internal.WebUIKeywordMain.stepFailed(WebUIKeywordMain.groovy:117)
	at com.kms.katalon.core.webui.keyword.internal.WebUIKeywordMain.runKeyword(WebUIKeywordMain.groovy:43)
	at com.kms.katalon.core.webui.keyword.builtin.ClickKeyword.click(ClickKeyword.groovy:75)
	at com.kms.katalon.core.webui.keyword.builtin.ClickKeyword.execute(ClickKeyword.groovy:40)
	at com.kms.katalon.core.keyword.internal.KeywordExecutor.executeKeywordForPlatform(KeywordExecutor.groovy:74)
	at com.kms.katalon.core.webui.keyword.WebUiBuiltInKeywords.click(WebUiBuiltInKeywords.groovy:696)
	at BRAND_TS02_TC02.run(BRAND_TS02_TC02:20)
	at com.kms.katalon.core.main.ScriptEngine.run(ScriptEngine.java:194)
	at com.kms.katalon.core.main.ScriptEngine.runScriptAsRawText(ScriptEngine.java:119)
	at com.kms.katalon.core.main.TestCaseExecutor.runScript(TestCaseExecutor.java:486)
	at com.kms.katalon.core.main.TestCaseExecutor.doExecute(TestCaseExecutor.java:477)
	at com.kms.katalon.core.main.TestCaseExecutor.processExecutionPhase(TestCaseExecutor.java:456)
	at com.kms.katalon.core.main.TestCaseExecutor.accessMainPhase(TestCaseExecutor.java:448)
	at com.kms.katalon.core.main.TestCaseExecutor.execute(TestCaseExecutor.java:322)
	at com.kms.katalon.core.common.CommonExecutor.accessTestCaseMainPhase(CommonExecutor.java:71)
	at com.kms.katalon.core.main.TestSuiteExecutor.accessTestSuiteMainPhase(TestSuiteExecutor.java:160)
	at com.kms.katalon.core.main.TestSuiteExecutor.execute(TestSuiteExecutor.java:107)
	at com.kms.katalon.core.main.TestCaseMain.startTestSuite(TestCaseMain.java:186)
	at TempTestSuite1746519243858.run(TempTestSuite1746519243858.groovy:35)
	at java.base/jdk.internal.reflect.NativeMethodAccessorImpl.invoke0(Native Method)
	at java.base/jdk.internal.reflect.NativeMethodAccessorImpl.invoke(NativeMethodAccessorImpl.java:77)
	at java.base/jdk.internal.reflect.DelegatingMethodAccessorImpl.invoke(DelegatingMethodAccessorImpl.java:43)
Caused by: com.kms.katalon.core.webui.exception.WebElementNotFoundException: Web element with id: 'Object Repository/Page_Qashup Backoffice/svg_QA Merchant_h-8 w-9' located by '/html[1]/body[@class="__className_8033ae"]/div[@class="w-full text-black dark:text-light"]/div[@class="flex min-h-[100vh]"]/div[@class="w-full max-w-[calc(100%-48px)] sm:max-w-auto flex flex-col bg-gray-10"]/main[@class="flex flex-col flex-1 flex-grow bg-gray-10 dark:bg-slate-400  min-h-[89.5dvh]"]/div[@class="px-10 py-[30px]"]/div[@class="overflow-x-auto lg:overflow-x-hidden bg-white text-gray-700 w-auto h-auto mt-4 shadow-lg overflow-hidden dark:bg-slate-700 rounded-xl"]/div[@class="bg-white text-gray-700 w-auto h-auto mt-4 shadow-lg overflow-hidden dark:bg-slate-700 rounded-xl"]/div[@class="px-6 w-full"]/div[@class="rounded-xl space-x-8 border-collapse border overflow-x-auto w-full"]/table[@class="table-auto w-full text-xs text-gray-500 dark:text-gray-400 mr-10 md:mr-0 !mr-0"]/tbody[1]/tr[@class="text-new-gray-300 bg-white dark:bg-gray-600 !text-b8 !rounded-bl-xl !rounded-br-xl"]/td[@class="!w-[50px] !h-[50px] !rounded-br-xl"]/div[@class="relative inline-block text-left"]/button[@class="inline-flex w-full justify-center px-4 text-sm font-bold text-back dark:text-white focus:outline-none focus-visible:ring-2 focus-visible:ring-white focus-visible:ring-opacity-75"]/svg[@class="h-8 w-9"]' not found
	at com.kms.katalon.core.webui.common.WebUiCommonHelper.findWebElement(WebUiCommonHelper.java:1457)
	at com.kms.katalon.core.webui.keyword.internal.WebUIAbstractKeyword.findWebElement(WebUIAbstractKeyword.groovy:27)
	at com.kms.katalon.core.webui.keyword.builtin.ClickKeyword$_click_closure1.doCall(ClickKeyword.groovy:66)
	at com.kms.katalon.core.webui.keyword.builtin.ClickKeyword$_click_closure1.call(ClickKeyword.groovy)
	at com.kms.katalon.core.webui.keyword.internal.WebUIKeywordMain.runKeyword(WebUIKeywordMain.groovy:35)
	at com.kms.katalon.core.webui.keyword.builtin.ClickKeyword.click(ClickKeyword.groovy:75)
	at com.kms.katalon.core.webui.keyword.builtin.ClickKeyword.execute(ClickKeyword.groovy:40)
	at com.kms.katalon.core.keyword.internal.KeywordExecutor.executeKeywordForPlatform(KeywordExecutor.groovy:74)
	at com.kms.katalon.core.webui.keyword.WebUiBuiltInKeywords.click(WebUiBuiltInKeywords.groovy:696)
	at Script1746517580273.run(Script1746517580273.groovy:20)
	... 15 more
)
2025-05-06 15:14:53.326 ERROR c.k.katalon.core.main.TestCaseExecutor   - ❌ Test Cases/Dev Environment/BRAND_TS02_TC02 FAILED.
Reason:
com.kms.katalon.core.exception.StepFailedException: Unable to click on object 'Object Repository/Page_Qashup Backoffice/svg_QA Merchant_h-8 w-9'
	at com.kms.katalon.core.webui.keyword.internal.WebUIKeywordMain.stepFailed(WebUIKeywordMain.groovy:117)
	at com.kms.katalon.core.webui.keyword.internal.WebUIKeywordMain.runKeyword(WebUIKeywordMain.groovy:43)
	at com.kms.katalon.core.webui.keyword.builtin.ClickKeyword.click(ClickKeyword.groovy:75)
	at com.kms.katalon.core.webui.keyword.builtin.ClickKeyword.execute(ClickKeyword.groovy:40)
	at com.kms.katalon.core.keyword.internal.KeywordExecutor.executeKeywordForPlatform(KeywordExecutor.groovy:74)
	at com.kms.katalon.core.webui.keyword.WebUiBuiltInKeywords.click(WebUiBuiltInKeywords.groovy:696)
	at BRAND_TS02_TC02.run(BRAND_TS02_TC02:20)
	at com.kms.katalon.core.main.ScriptEngine.run(ScriptEngine.java:194)
	at com.kms.katalon.core.main.ScriptEngine.runScriptAsRawText(ScriptEngine.java:119)
	at com.kms.katalon.core.main.TestCaseExecutor.runScript(TestCaseExecutor.java:486)
	at com.kms.katalon.core.main.TestCaseExecutor.doExecute(TestCaseExecutor.java:477)
	at com.kms.katalon.core.main.TestCaseExecutor.processExecutionPhase(TestCaseExecutor.java:456)
	at com.kms.katalon.core.main.TestCaseExecutor.accessMainPhase(TestCaseExecutor.java:448)
	at com.kms.katalon.core.main.TestCaseExecutor.execute(TestCaseExecutor.java:322)
	at com.kms.katalon.core.common.CommonExecutor.accessTestCaseMainPhase(CommonExecutor.java:71)
	at com.kms.katalon.core.main.TestSuiteExecutor.accessTestSuiteMainPhase(TestSuiteExecutor.java:160)
	at com.kms.katalon.core.main.TestSuiteExecutor.execute(TestSuiteExecutor.java:107)
	at com.kms.katalon.core.main.TestCaseMain.startTestSuite(TestCaseMain.java:186)
	at TempTestSuite1746519243858.run(TempTestSuite1746519243858.groovy:35)
	at java.base/jdk.internal.reflect.NativeMethodAccessorImpl.invoke0(Native Method)
	at java.base/jdk.internal.reflect.NativeMethodAccessorImpl.invoke(NativeMethodAccessorImpl.java:77)
	at java.base/jdk.internal.reflect.DelegatingMethodAccessorImpl.invoke(DelegatingMethodAccessorImpl.java:43)
Caused by: com.kms.katalon.core.webui.exception.WebElementNotFoundException: Web element with id: 'Object Repository/Page_Qashup Backoffice/svg_QA Merchant_h-8 w-9' located by '/html[1]/body[@class="__className_8033ae"]/div[@class="w-full text-black dark:text-light"]/div[@class="flex min-h-[100vh]"]/div[@class="w-full max-w-[calc(100%-48px)] sm:max-w-auto flex flex-col bg-gray-10"]/main[@class="flex flex-col flex-1 flex-grow bg-gray-10 dark:bg-slate-400  min-h-[89.5dvh]"]/div[@class="px-10 py-[30px]"]/div[@class="overflow-x-auto lg:overflow-x-hidden bg-white text-gray-700 w-auto h-auto mt-4 shadow-lg overflow-hidden dark:bg-slate-700 rounded-xl"]/div[@class="bg-white text-gray-700 w-auto h-auto mt-4 shadow-lg overflow-hidden dark:bg-slate-700 rounded-xl"]/div[@class="px-6 w-full"]/div[@class="rounded-xl space-x-8 border-collapse border overflow-x-auto w-full"]/table[@class="table-auto w-full text-xs text-gray-500 dark:text-gray-400 mr-10 md:mr-0 !mr-0"]/tbody[1]/tr[@class="text-new-gray-300 bg-white dark:bg-gray-600 !text-b8 !rounded-bl-xl !rounded-br-xl"]/td[@class="!w-[50px] !h-[50px] !rounded-br-xl"]/div[@class="relative inline-block text-left"]/button[@class="inline-flex w-full justify-center px-4 text-sm font-bold text-back dark:text-white focus:outline-none focus-visible:ring-2 focus-visible:ring-white focus-visible:ring-opacity-75"]/svg[@class="h-8 w-9"]' not found
	at com.kms.katalon.core.webui.common.WebUiCommonHelper.findWebElement(WebUiCommonHelper.java:1457)
	at com.kms.katalon.core.webui.keyword.internal.WebUIAbstractKeyword.findWebElement(WebUIAbstractKeyword.groovy:27)
	at com.kms.katalon.core.webui.keyword.builtin.ClickKeyword$_click_closure1.doCall(ClickKeyword.groovy:66)
	at com.kms.katalon.core.webui.keyword.builtin.ClickKeyword$_click_closure1.call(ClickKeyword.groovy)
	at com.kms.katalon.core.webui.keyword.internal.WebUIKeywordMain.runKeyword(WebUIKeywordMain.groovy:35)
	... 20 more

2025-05-06 15:14:53.589 INFO  c.k.k.core.webservice.common.HarLogger   - HAR: C:\Users\NUC\git\katalon\Reports\20250506_151402\BRAND_TS02\20250506_151403\requests\main\Create-Execution_2.har
2025-05-06 15:14:53.594 INFO  c.k.katalon.core.main.TestCaseExecutor   - END Test Cases/Dev Environment/BRAND_TS02_TC02
2025-05-06 15:14:53.597 INFO  c.k.katalon.core.main.TestCaseExecutor   - --------------------
2025-05-06 15:14:53.598 INFO  c.k.katalon.core.main.TestCaseExecutor   - START Test Cases/Dev Environment/BRAND_TS02_TC03
2025-05-06 15:14:53.648 DEBUG testcase.BRAND_TS02_TC03                 - 1: click(findTestObject("Object Repository/Page_Qashup Backoffice/div_Brand"))
2025-05-06 15:14:53.904 DEBUG testcase.BRAND_TS02_TC03                 - 2: click(findTestObject("Object Repository/Page_Qashup Backoffice/svg_QA 1_h-8 w-9"))
